<?xml version="1.0" encoding="utf-8"?><testsuites name="pytest tests"><testsuite name="pytest" errors="0" failures="0" skipped="0" tests="30" time="7.026" timestamp="2026-08-15T12:33:22.866219+00:00" hostname="agent-env-0e677746-e048-4689-a437-4fe505f99d40"><testcase classname="tests.backend_test" name="test_health" time="0.246" /><testcase classname="tests.backend_test" name="test_me_unauthenticated" time="0.115" /><testcase classname="tests.backend_test" name="test_me_authenticated" time="0.149" /><testcase classname="tests.backend_test" name="test_protected_requires_auth[/api/dashboard]" time="0.104" /><testcase classname="tests.backend_test" name="test_protected_requires_auth[/api/settings]" time="0.135" /><testcase classname="tests.backend_test" name="test_protected_requires_auth[/api/settings/broker]" time="0.105" /><testcase classname="tests.backend_test" name="test_protected_requires_auth[/api/products]" time="0.094" /><testcase classname="tests.backend_test" name="test_protected_requires_auth[/api/orders/open]" time="0.096" /><testcase classname="tests.backend_test" name="test_protected_requires_auth[/api/positions]" time="0.102" /><testcase classname="tests.backend_test" name="test_protected_requires_auth[/api/wallet]" time="0.088" /><testcase classname="tests.backend_test" name="test_protected_requires_auth[/api/history]" time="0.144" /><testcase classname="tests.backend_test" name="test_protected_requires_auth[/api/history/exchange]" time="0.096" /><testcase classname="tests.backend_test" name="test_protected_requires_auth[/api/strategies]" time="0.091" /><testcase classname="tests.backend_test" name="test_protected_requires_auth[/api/engine]" time="0.092" /><testcase classname="tests.backend_test" name="test_protected_requires_auth[/api/logs]" time="0.091" /><testcase classname="tests.backend_test" name="test_dashboard_shape" time="0.105" /><testcase classname="tests.backend_test" name="test_settings_defaults" time="0.099" /><testcase classname="tests.backend_test" name="test_settings_update_persist" time="0.211" /><testcase classname="tests.backend_test" name="test_broker_initial_not_configured" time="0.098" /><testcase classname="tests.backend_test" name="test_broker_save" time="0.109" /><testcase classname="tests.backend_test" name="test_broker_test_endpoint_no_500" time="0.420" /><testcase classname="tests.backend_test" name="test_orders_requires_broker_message" time="0.209" /><testcase classname="tests.backend_test" name="test_broker_delete" time="0.347" /><testcase classname="tests.backend_test" name="test_strategies_seed_and_toggle" time="0.294" /><testcase classname="tests.backend_test" name="test_engine_start_stop" time="0.391" /><testcase classname="tests.backend_test" name="test_logs_populated" time="0.105" /><testcase classname="tests.backend_test" name="test_products_reachable" time="1.157" /><testcase classname="tests.backend_test" name="test_history_empty_initially" time="0.120" /><testcase classname="tests.backend_test" name="test_history_exchange_no_500" time="0.301" /><testcase classname="tests.backend_test" name="test_logout_invalidates" time="0.301" /></testsuite></testsuites>